<?xml version="1.0" encoding="UTF-8"?>
<!-- Generated by org.testng.reporters.JUnitXMLReporter -->
<testsuite ignored="20" hostname="DESKTOP-9SMDVF2" failures="2" tests="15" name="Test" time="149.054" errors="0" timestamp="2021-11-22T00:37:01 IST">
  <testcase classname="com.framework.testcases.TC_01_CreateAccount" name="createAccount" time="14.709">
    <failure type="org.openqa.selenium.NoSuchElementException" message="no such element: Unable to locate element: {&amp;quot;method&amp;quot;:&amp;quot;xpath&amp;quot;,&amp;quot;selector&amp;quot;:&amp;quot;//div[@class=&amp;apos;grid__item medium-up--one-third&amp;apos;]//p[@class=&amp;apos;h5&amp;apos;]&amp;quot;}
  (Session info: chrome=96.0.4664.45)
For documentation on this error, please visit: https://www.seleniumhq.org/exceptions/no_such_element.html
Build info: version: &amp;apos;3.141.59&amp;apos;, revision: &amp;apos;e82be7d358&amp;apos;, time: &amp;apos;2018-11-14T08:17:03&amp;apos;
System info: host: &amp;apos;DESKTOP-9SMDVF2&amp;apos;, ip: &amp;apos;192.168.1.7&amp;apos;, os.name: &amp;apos;Windows 10&amp;apos;, os.arch: &amp;apos;amd64&amp;apos;, os.version: &amp;apos;10.0&amp;apos;, java.version: &amp;apos;11.0.10&amp;apos;
Driver info: org.openqa.selenium.chrome.ChromeDriver
Capabilities {acceptInsecureCerts: false, browserName: chrome, browserVersion: 96.0.4664.45, chrome: {chromedriverVersion: 96.0.4664.45 (76e4c1bb2ab46..., userDataDir: C:\Users\Lenovo\AppData\Loc...}, goog:chromeOptions: {debuggerAddress: localhost:61106}, javascriptEnabled: true, networkConnectionEnabled: false, pageLoadStrategy: normal, platform: WINDOWS, platformName: WINDOWS, proxy: Proxy(), setWindowRect: true, strictFileInteractability: false, timeouts: {implicit: 0, pageLoad: 300000, script: 30000}, unhandledPromptBehavior: dismiss and notify, webauthn:extension:credBlob: true, webauthn:extension:largeBlob: true, webauthn:virtualAuthenticators: true}
Session ID: fc8493efd213d82bf101c95fc2ee1eb1
*** Element info: {Using=xpath, value=//div[@class=&amp;apos;grid__item medium-up--one-third&amp;apos;]//p[@class=&amp;apos;h5&amp;apos;]}">
      <![CDATA[org.openqa.selenium.NoSuchElementException: no such element: Unable to locate element: {"method":"xpath","selector":"//div[@class='grid__item medium-up--one-third']//p[@class='h5']"}
  (Session info: chrome=96.0.4664.45)
For documentation on this error, please visit: https://www.seleniumhq.org/exceptions/no_such_element.html
Build info: version: '3.141.59', revision: 'e82be7d358', time: '2018-11-14T08:17:03'
System info: host: 'DESKTOP-9SMDVF2', ip: '192.168.1.7', os.name: 'Windows 10', os.arch: 'amd64', os.version: '10.0', java.version: '11.0.10'
Driver info: org.openqa.selenium.chrome.ChromeDriver
Capabilities {acceptInsecureCerts: false, browserName: chrome, browserVersion: 96.0.4664.45, chrome: {chromedriverVersion: 96.0.4664.45 (76e4c1bb2ab46..., userDataDir: C:\Users\Lenovo\AppData\Loc...}, goog:chromeOptions: {debuggerAddress: localhost:61106}, javascriptEnabled: true, networkConnectionEnabled: false, pageLoadStrategy: normal, platform: WINDOWS, platformName: WINDOWS, proxy: Proxy(), setWindowRect: true, strictFileInteractability: false, timeouts: {implicit: 0, pageLoad: 300000, script: 30000}, unhandledPromptBehavior: dismiss and notify, webauthn:extension:credBlob: true, webauthn:extension:largeBlob: true, webauthn:virtualAuthenticators: true}
Session ID: fc8493efd213d82bf101c95fc2ee1eb1
*** Element info: {Using=xpath, value=//div[@class='grid__item medium-up--one-third']//p[@class='h5']}
at org.openqa.selenium.remote.http.W3CHttpResponseCodec.createException(W3CHttpResponseCodec.java:187)
at org.openqa.selenium.remote.http.W3CHttpResponseCodec.decode(W3CHttpResponseCodec.java:122)
at org.openqa.selenium.remote.http.W3CHttpResponseCodec.decode(W3CHttpResponseCodec.java:49)
at org.openqa.selenium.remote.HttpCommandExecutor.execute(HttpCommandExecutor.java:158)
at org.openqa.selenium.remote.service.DriverCommandExecutor.execute(DriverCommandExecutor.java:83)
at org.openqa.selenium.remote.RemoteWebDriver.execute(RemoteWebDriver.java:552)
at org.openqa.selenium.remote.RemoteWebDriver.findElement(RemoteWebDriver.java:323)
at org.openqa.selenium.remote.RemoteWebDriver.findElementByXPath(RemoteWebDriver.java:428)
at org.openqa.selenium.By$ByXPath.findElement(By.java:353)
at org.openqa.selenium.remote.RemoteWebDriver.findElement(RemoteWebDriver.java:315)
at org.openqa.selenium.support.pagefactory.DefaultElementLocator.findElement(DefaultElementLocator.java:69)
at org.openqa.selenium.support.pagefactory.internal.LocatingElementHandler.invoke(LocatingElementHandler.java:38)
at com.sun.proxy.$Proxy31.getText(Unknown Source)
at com.framework.testcases.TC_01_CreateAccount.createAccount(TC_01_CreateAccount.java:68)
at java.base/java.util.ArrayList.forEach(ArrayList.java:1541)
... Removed 31 stack frames]]>
    </failure>
  </testcase> <!-- createAccount -->
  <testcase classname="com.framework.testcases.TC_02_Login" name="validLogin" time="4.889"/>
  <testcase classname="com.framework.testcases.TC_02_Login" name="validLogin" time="2.21">
    <failure type="java.lang.AssertionError" message="expected [true] but found [false]">
      <![CDATA[java.lang.AssertionError: expected [true] but found [false]
at com.framework.testcases.TC_02_Login.validLogin(TC_02_Login.java:49)
at java.base/java.util.ArrayList.forEach(ArrayList.java:1541)
... Removed 31 stack frames]]>
    </failure>
  </testcase> <!-- validLogin -->
  <testcase classname="com.framework.testcases.TC_02_Login" name="validLogin" time="4.993"/>
  <testcase classname="com.framework.testcases.TC_02_Login" name="validLogin" time="5.391"/>
  <testcase classname="com.framework.testcases.TC_03_Search" name="search" time="5.042"/>
  <testcase classname="com.framework.testcases.TC_04_GiftCard" name="gift" time="2.551"/>
  <testcase classname="com.framework.testcases.TC_05_Title" name="verifyTitle" time="0.093"/>
  <testcase classname="com.framework.testcases.TC_05_Title" name="pageContains" time="0.257"/>
  <testcase classname="com.framework.testcases.TC_06_WishList" name="wishList" time="5.214"/>
  <testcase classname="com.framework.testcases.TC_07_AllProducts" name="AllTab" time="5.412"/>
  <testcase classname="com.framework.testcases.TC_08_Cart" name="cartcheckout" time="9.837"/>
  <testcase classname="com.framework.testcases.TC_09_Footer" name="footElemets" time="0.376"/>
  <testcase classname="com.framework.testcases.TC_10_ContactPage" name="ContactPage" time="7.618"/>
  <testcase classname="com.framework.testcases.TC_11_Hover" name="Hover" time="9.069"/>
  <testcase classname="com.framework.reusablecomponent.BaseClass" name="@AfterSuite after" time="0.0">
    <ignored/>
  </testcase> <!-- @AfterSuite after -->
  <testcase classname="com.framework.reusablecomponent.BaseClass" name="@AfterSuite after" time="0.0">
    <ignored/>
  </testcase> <!-- @AfterSuite after -->
  <testcase classname="com.framework.reusablecomponent.BaseClass" name="@AfterSuite after" time="0.0">
    <ignored/>
  </testcase> <!-- @AfterSuite after -->
  <testcase classname="com.framework.reusablecomponent.BaseClass" name="@AfterSuite after" time="0.0">
    <ignored/>
  </testcase> <!-- @AfterSuite after -->
  <testcase classname="com.framework.reusablecomponent.BaseClass" name="@AfterSuite after" time="0.0">
    <ignored/>
  </testcase> <!-- @AfterSuite after -->
  <testcase classname="com.framework.reusablecomponent.BaseClass" name="@AfterSuite after" time="0.0">
    <ignored/>
  </testcase> <!-- @AfterSuite after -->
  <testcase classname="com.framework.reusablecomponent.BaseClass" name="@AfterSuite after" time="0.0">
    <ignored/>
  </testcase> <!-- @AfterSuite after -->
  <testcase classname="com.framework.reusablecomponent.BaseClass" name="@AfterSuite after" time="0.0">
    <ignored/>
  </testcase> <!-- @AfterSuite after -->
  <testcase classname="com.framework.reusablecomponent.BaseClass" name="@AfterSuite after" time="0.0">
    <ignored/>
  </testcase> <!-- @AfterSuite after -->
  <testcase classname="com.framework.reusablecomponent.BaseClass" name="@AfterSuite after" time="0.0">
    <ignored/>
  </testcase> <!-- @AfterSuite after -->
  <testcase classname="com.framework.reusablecomponent.BaseClass" name="@BeforeSuite Before" time="0.0">
    <ignored/>
  </testcase> <!-- @BeforeSuite Before -->
  <testcase classname="com.framework.reusablecomponent.BaseClass" name="@BeforeSuite Before" time="0.0">
    <ignored/>
  </testcase> <!-- @BeforeSuite Before -->
  <testcase classname="com.framework.reusablecomponent.BaseClass" name="@BeforeSuite Before" time="0.0">
    <ignored/>
  </testcase> <!-- @BeforeSuite Before -->
  <testcase classname="com.framework.reusablecomponent.BaseClass" name="@BeforeSuite Before" time="0.0">
    <ignored/>
  </testcase> <!-- @BeforeSuite Before -->
  <testcase classname="com.framework.reusablecomponent.BaseClass" name="@BeforeSuite Before" time="0.0">
    <ignored/>
  </testcase> <!-- @BeforeSuite Before -->
  <testcase classname="com.framework.reusablecomponent.BaseClass" name="@BeforeSuite Before" time="0.0">
    <ignored/>
  </testcase> <!-- @BeforeSuite Before -->
  <testcase classname="com.framework.reusablecomponent.BaseClass" name="@BeforeSuite Before" time="0.0">
    <ignored/>
  </testcase> <!-- @BeforeSuite Before -->
  <testcase classname="com.framework.reusablecomponent.BaseClass" name="@BeforeSuite Before" time="0.0">
    <ignored/>
  </testcase> <!-- @BeforeSuite Before -->
  <testcase classname="com.framework.reusablecomponent.BaseClass" name="@BeforeSuite Before" time="0.0">
    <ignored/>
  </testcase> <!-- @BeforeSuite Before -->
  <testcase classname="com.framework.reusablecomponent.BaseClass" name="@BeforeSuite Before" time="0.0">
    <ignored/>
  </testcase> <!-- @BeforeSuite Before -->
</testsuite> <!-- Test -->
