<?xml version="1.0" encoding="UTF-8"?>
<testng-results ignored="20" total="35" passed="13" failed="2" skipped="0">
  <reporter-output>
  </reporter-output>
  <suite started-at="2021-11-22T00:34:32 IST" name="Suite" finished-at="2021-11-22T00:37:01 IST" duration-ms="149054">
    <groups>
    </groups>
    <test started-at="2021-11-22T00:34:32 IST" name="Test" finished-at="2021-11-22T00:37:01 IST" duration-ms="149054">
      <class name="com.framework.testcases.TC_04_GiftCard">
        <test-method is-config="true" signature="setup(java.lang.String)[pri:0, instance:com.framework.testcases.TC_04_GiftCard@28f2a10f]" started-at="2021-11-22T00:35:35 IST" name="setup" finished-at="2021-11-22T00:35:40 IST" duration-ms="5059" status="PASS">
          <params>
            <param index="0">
              <value>
                <![CDATA[chrome]]>
              </value>
            </param>
          </params>
          <reporter-output>
          </reporter-output>
        </test-method> <!-- setup -->
        <test-method signature="gift()[pri:0, instance:com.framework.testcases.TC_04_GiftCard@28f2a10f]" started-at="2021-11-22T00:35:40 IST" name="gift" finished-at="2021-11-22T00:35:42 IST" duration-ms="2551" status="PASS">
          <reporter-output>
          </reporter-output>
        </test-method> <!-- gift -->
        <test-method is-config="true" signature="tearDown()[pri:0, instance:com.framework.testcases.TC_04_GiftCard@28f2a10f]" started-at="2021-11-22T00:35:42 IST" name="tearDown" finished-at="2021-11-22T00:35:43 IST" duration-ms="791" status="PASS">
          <reporter-output>
          </reporter-output>
        </test-method> <!-- tearDown -->
      </class> <!-- com.framework.testcases.TC_04_GiftCard -->
      <class name="com.framework.testcases.TC_05_Title">
        <test-method is-config="true" signature="setup(java.lang.String)[pri:0, instance:com.framework.testcases.TC_05_Title@f736069]" started-at="2021-11-22T00:35:43 IST" name="setup" finished-at="2021-11-22T00:35:49 IST" duration-ms="5581" status="PASS">
          <params>
            <param index="0">
              <value>
                <![CDATA[chrome]]>
              </value>
            </param>
          </params>
          <reporter-output>
          </reporter-output>
        </test-method> <!-- setup -->
        <test-method signature="verifyTitle()[pri:0, instance:com.framework.testcases.TC_05_Title@f736069]" started-at="2021-11-22T00:35:49 IST" name="verifyTitle" finished-at="2021-11-22T00:35:49 IST" duration-ms="93" status="PASS">
          <reporter-output>
          </reporter-output>
        </test-method> <!-- verifyTitle -->
        <test-method signature="pageContains()[pri:1, instance:com.framework.testcases.TC_05_Title@f736069]" started-at="2021-11-22T00:35:49 IST" name="pageContains" finished-at="2021-11-22T00:35:49 IST" duration-ms="257" status="PASS">
          <reporter-output>
          </reporter-output>
        </test-method> <!-- pageContains -->
        <test-method is-config="true" signature="tearDown()[pri:0, instance:com.framework.testcases.TC_05_Title@f736069]" started-at="2021-11-22T00:35:49 IST" name="tearDown" finished-at="2021-11-22T00:35:50 IST" duration-ms="740" status="PASS">
          <reporter-output>
          </reporter-output>
        </test-method> <!-- tearDown -->
      </class> <!-- com.framework.testcases.TC_05_Title -->
      <class name="com.framework.testcases.TC_02_Login">
        <test-method is-config="true" signature="setup(java.lang.String)[pri:0, instance:com.framework.testcases.TC_02_Login@73e22a3d]" started-at="2021-11-22T00:34:58 IST" name="setup" finished-at="2021-11-22T00:35:02 IST" duration-ms="4740" status="PASS">
          <params>
            <param index="0">
              <value>
                <![CDATA[chrome]]>
              </value>
            </param>
          </params>
          <reporter-output>
          </reporter-output>
        </test-method> <!-- setup -->
        <test-method signature="validLogin(java.lang.String,java.lang.String)[pri:0, instance:com.framework.testcases.TC_02_Login@73e22a3d]" started-at="2021-11-22T00:35:04 IST" name="validLogin" data-provider="loginData" finished-at="2021-11-22T00:35:09 IST" duration-ms="4889" status="PASS">
          <params>
            <param index="0">
              <value>
                <![CDATA[yash1@gmail.com]]>
              </value>
            </param>
            <param index="1">
              <value>
                <![CDATA[pass@123]]>
              </value>
            </param>
          </params>
          <reporter-output>
          </reporter-output>
        </test-method> <!-- validLogin -->
        <test-method signature="validLogin(java.lang.String,java.lang.String)[pri:0, instance:com.framework.testcases.TC_02_Login@73e22a3d]" started-at="2021-11-22T00:35:09 IST" name="validLogin" data-provider="loginData" finished-at="2021-11-22T00:35:11 IST" duration-ms="2210" status="FAIL">
          <params>
            <param index="0">
              <value>
                <![CDATA[]]>
              </value>
            </param>
            <param index="1">
              <value>
                <![CDATA[pass@124]]>
              </value>
            </param>
          </params>
          <exception class="java.lang.AssertionError">
            <message>
              <![CDATA[expected [true] but found [false]]]>
            </message>
            <full-stacktrace>
              <![CDATA[java.lang.AssertionError: expected [true] but found [false]
at org.testng.Assert.fail(Assert.java:99)
at org.testng.Assert.failNotEquals(Assert.java:1037)
at org.testng.Assert.assertTrue(Assert.java:45)
at org.testng.Assert.assertTrue(Assert.java:55)
at com.framework.testcases.TC_02_Login.validLogin(TC_02_Login.java:49)
at java.base/jdk.internal.reflect.NativeMethodAccessorImpl.invoke0(Native Method)
at java.base/jdk.internal.reflect.NativeMethodAccessorImpl.invoke(NativeMethodAccessorImpl.java:62)
at java.base/jdk.internal.reflect.DelegatingMethodAccessorImpl.invoke(DelegatingMethodAccessorImpl.java:43)
at java.base/java.lang.reflect.Method.invoke(Method.java:566)
at org.testng.internal.MethodInvocationHelper.invokeMethod(MethodInvocationHelper.java:133)
at org.testng.internal.TestInvoker.invokeMethod(TestInvoker.java:598)
at org.testng.internal.TestInvoker.invokeTestMethod(TestInvoker.java:173)
at org.testng.internal.MethodRunner.runInSequence(MethodRunner.java:46)
at org.testng.internal.TestInvoker$MethodInvocationAgent.invoke(TestInvoker.java:824)
at org.testng.internal.TestInvoker.invokeTestMethods(TestInvoker.java:146)
at org.testng.internal.TestMethodWorker.invokeTestMethods(TestMethodWorker.java:146)
at org.testng.internal.TestMethodWorker.run(TestMethodWorker.java:128)
at java.base/java.util.ArrayList.forEach(ArrayList.java:1541)
at org.testng.TestRunner.privateRun(TestRunner.java:794)
at org.testng.TestRunner.run(TestRunner.java:596)
at org.testng.SuiteRunner.runTest(SuiteRunner.java:377)
at org.testng.SuiteRunner.runSequentially(SuiteRunner.java:371)
at org.testng.SuiteRunner.privateRun(SuiteRunner.java:332)
at org.testng.SuiteRunner.run(SuiteRunner.java:276)
at org.testng.SuiteRunnerWorker.runSuite(SuiteRunnerWorker.java:53)
at org.testng.SuiteRunnerWorker.run(SuiteRunnerWorker.java:96)
at org.testng.TestNG.runSuitesSequentially(TestNG.java:1212)
at org.testng.TestNG.runSuitesLocally(TestNG.java:1134)
at org.testng.TestNG.runSuites(TestNG.java:1063)
at org.testng.TestNG.run(TestNG.java:1031)
at org.testng.remote.AbstractRemoteTestNG.run(AbstractRemoteTestNG.java:115)
at org.testng.remote.RemoteTestNG.initAndRun(RemoteTestNG.java:251)
at org.testng.remote.RemoteTestNG.main(RemoteTestNG.java:77)
]]>
            </full-stacktrace>
          </exception> <!-- java.lang.AssertionError -->
          <reporter-output>
          </reporter-output>
        </test-method> <!-- validLogin -->
        <test-method signature="validLogin(java.lang.String,java.lang.String)[pri:0, instance:com.framework.testcases.TC_02_Login@73e22a3d]" started-at="2021-11-22T00:35:11 IST" name="validLogin" data-provider="loginData" finished-at="2021-11-22T00:35:16 IST" duration-ms="4993" status="PASS">
          <params>
            <param index="0">
              <value>
                <![CDATA[yash1@gmail.com]]>
              </value>
            </param>
            <param index="1">
              <value>
                <![CDATA[password123]]>
              </value>
            </param>
          </params>
          <reporter-output>
          </reporter-output>
        </test-method> <!-- validLogin -->
        <test-method signature="validLogin(java.lang.String,java.lang.String)[pri:0, instance:com.framework.testcases.TC_02_Login@73e22a3d]" started-at="2021-11-22T00:35:16 IST" name="validLogin" data-provider="loginData" finished-at="2021-11-22T00:35:21 IST" duration-ms="5391" status="PASS">
          <params>
            <param index="0">
              <value>
                <![CDATA[mahesh@gmail.com]]>
              </value>
            </param>
            <param index="1">
              <value>
                <![CDATA[]]>
              </value>
            </param>
          </params>
          <reporter-output>
          </reporter-output>
        </test-method> <!-- validLogin -->
        <test-method is-config="true" signature="tearDown()[pri:0, instance:com.framework.testcases.TC_02_Login@73e22a3d]" started-at="2021-11-22T00:35:21 IST" name="tearDown" finished-at="2021-11-22T00:35:22 IST" duration-ms="725" status="PASS">
          <reporter-output>
          </reporter-output>
        </test-method> <!-- tearDown -->
      </class> <!-- com.framework.testcases.TC_02_Login -->
      <class name="com.framework.testcases.TC_10_ContactPage">
        <test-method is-config="true" signature="setup(java.lang.String)[pri:0, instance:com.framework.testcases.TC_10_ContactPage@169e6180]" started-at="2021-11-22T00:36:33 IST" name="setup" finished-at="2021-11-22T00:36:38 IST" duration-ms="5010" status="PASS">
          <params>
            <param index="0">
              <value>
                <![CDATA[chrome]]>
              </value>
            </param>
          </params>
          <reporter-output>
          </reporter-output>
        </test-method> <!-- setup -->
        <test-method signature="ContactPage()[pri:0, instance:com.framework.testcases.TC_10_ContactPage@169e6180]" started-at="2021-11-22T00:36:38 IST" name="ContactPage" finished-at="2021-11-22T00:36:46 IST" duration-ms="7618" status="PASS">
          <reporter-output>
          </reporter-output>
        </test-method> <!-- ContactPage -->
        <test-method is-config="true" signature="tearDown()[pri:0, instance:com.framework.testcases.TC_10_ContactPage@169e6180]" started-at="2021-11-22T00:36:46 IST" name="tearDown" finished-at="2021-11-22T00:36:47 IST" duration-ms="734" status="PASS">
          <reporter-output>
          </reporter-output>
        </test-method> <!-- tearDown -->
      </class> <!-- com.framework.testcases.TC_10_ContactPage -->
      <class name="com.framework.testcases.TC_01_CreateAccount">
        <test-method is-config="true" signature="Before()[pri:0, instance:com.framework.testcases.TC_01_CreateAccount@383bfa16]" started-at="2021-11-22T00:34:31 IST" name="Before" finished-at="2021-11-22T00:34:32 IST" duration-ms="217" status="PASS">
          <reporter-output>
          </reporter-output>
        </test-method> <!-- Before -->
        <test-method is-config="true" signature="setup(java.lang.String)[pri:0, instance:com.framework.testcases.TC_01_CreateAccount@383bfa16]" started-at="2021-11-22T00:34:32 IST" name="setup" finished-at="2021-11-22T00:34:42 IST" duration-ms="10225" status="PASS">
          <params>
            <param index="0">
              <value>
                <![CDATA[chrome]]>
              </value>
            </param>
          </params>
          <reporter-output>
          </reporter-output>
        </test-method> <!-- setup -->
        <test-method signature="createAccount()[pri:0, instance:com.framework.testcases.TC_01_CreateAccount@383bfa16]" started-at="2021-11-22T00:34:42 IST" name="createAccount" finished-at="2021-11-22T00:34:57 IST" duration-ms="14709" status="FAIL">
          <exception class="org.openqa.selenium.NoSuchElementException">
            <message>
              <![CDATA[no such element: Unable to locate element: {"method":"xpath","selector":"//div[@class='grid__item medium-up--one-third']//p[@class='h5']"}
  (Session info: chrome=96.0.4664.45)
For documentation on this error, please visit: https://www.seleniumhq.org/exceptions/no_such_element.html
Build info: version: '3.141.59', revision: 'e82be7d358', time: '2018-11-14T08:17:03'
System info: host: 'DESKTOP-9SMDVF2', ip: '192.168.1.7', os.name: 'Windows 10', os.arch: 'amd64', os.version: '10.0', java.version: '11.0.10'
Driver info: org.openqa.selenium.chrome.ChromeDriver
Capabilities {acceptInsecureCerts: false, browserName: chrome, browserVersion: 96.0.4664.45, chrome: {chromedriverVersion: 96.0.4664.45 (76e4c1bb2ab46..., userDataDir: C:\Users\Lenovo\AppData\Loc...}, goog:chromeOptions: {debuggerAddress: localhost:61106}, javascriptEnabled: true, networkConnectionEnabled: false, pageLoadStrategy: normal, platform: WINDOWS, platformName: WINDOWS, proxy: Proxy(), setWindowRect: true, strictFileInteractability: false, timeouts: {implicit: 0, pageLoad: 300000, script: 30000}, unhandledPromptBehavior: dismiss and notify, webauthn:extension:credBlob: true, webauthn:extension:largeBlob: true, webauthn:virtualAuthenticators: true}
Session ID: fc8493efd213d82bf101c95fc2ee1eb1
*** Element info: {Using=xpath, value=//div[@class='grid__item medium-up--one-third']//p[@class='h5']}]]>
            </message>
            <full-stacktrace>
              <![CDATA[org.openqa.selenium.NoSuchElementException: no such element: Unable to locate element: {"method":"xpath","selector":"//div[@class='grid__item medium-up--one-third']//p[@class='h5']"}
  (Session info: chrome=96.0.4664.45)
For documentation on this error, please visit: https://www.seleniumhq.org/exceptions/no_such_element.html
Build info: version: '3.141.59', revision: 'e82be7d358', time: '2018-11-14T08:17:03'
System info: host: 'DESKTOP-9SMDVF2', ip: '192.168.1.7', os.name: 'Windows 10', os.arch: 'amd64', os.version: '10.0', java.version: '11.0.10'
Driver info: org.openqa.selenium.chrome.ChromeDriver
Capabilities {acceptInsecureCerts: false, browserName: chrome, browserVersion: 96.0.4664.45, chrome: {chromedriverVersion: 96.0.4664.45 (76e4c1bb2ab46..., userDataDir: C:\Users\Lenovo\AppData\Loc...}, goog:chromeOptions: {debuggerAddress: localhost:61106}, javascriptEnabled: true, networkConnectionEnabled: false, pageLoadStrategy: normal, platform: WINDOWS, platformName: WINDOWS, proxy: Proxy(), setWindowRect: true, strictFileInteractability: false, timeouts: {implicit: 0, pageLoad: 300000, script: 30000}, unhandledPromptBehavior: dismiss and notify, webauthn:extension:credBlob: true, webauthn:extension:largeBlob: true, webauthn:virtualAuthenticators: true}
Session ID: fc8493efd213d82bf101c95fc2ee1eb1
*** Element info: {Using=xpath, value=//div[@class='grid__item medium-up--one-third']//p[@class='h5']}
at java.base/jdk.internal.reflect.NativeConstructorAccessorImpl.newInstance0(Native Method)
at java.base/jdk.internal.reflect.NativeConstructorAccessorImpl.newInstance(NativeConstructorAccessorImpl.java:62)
at java.base/jdk.internal.reflect.DelegatingConstructorAccessorImpl.newInstance(DelegatingConstructorAccessorImpl.java:45)
at java.base/java.lang.reflect.Constructor.newInstance(Constructor.java:490)
at org.openqa.selenium.remote.http.W3CHttpResponseCodec.createException(W3CHttpResponseCodec.java:187)
at org.openqa.selenium.remote.http.W3CHttpResponseCodec.decode(W3CHttpResponseCodec.java:122)
at org.openqa.selenium.remote.http.W3CHttpResponseCodec.decode(W3CHttpResponseCodec.java:49)
at org.openqa.selenium.remote.HttpCommandExecutor.execute(HttpCommandExecutor.java:158)
at org.openqa.selenium.remote.service.DriverCommandExecutor.execute(DriverCommandExecutor.java:83)
at org.openqa.selenium.remote.RemoteWebDriver.execute(RemoteWebDriver.java:552)
at org.openqa.selenium.remote.RemoteWebDriver.findElement(RemoteWebDriver.java:323)
at org.openqa.selenium.remote.RemoteWebDriver.findElementByXPath(RemoteWebDriver.java:428)
at org.openqa.selenium.By$ByXPath.findElement(By.java:353)
at org.openqa.selenium.remote.RemoteWebDriver.findElement(RemoteWebDriver.java:315)
at org.openqa.selenium.support.pagefactory.DefaultElementLocator.findElement(DefaultElementLocator.java:69)
at org.openqa.selenium.support.pagefactory.internal.LocatingElementHandler.invoke(LocatingElementHandler.java:38)
at com.sun.proxy.$Proxy31.getText(Unknown Source)
at com.framework.testcases.TC_01_CreateAccount.createAccount(TC_01_CreateAccount.java:68)
at java.base/jdk.internal.reflect.NativeMethodAccessorImpl.invoke0(Native Method)
at java.base/jdk.internal.reflect.NativeMethodAccessorImpl.invoke(NativeMethodAccessorImpl.java:62)
at java.base/jdk.internal.reflect.DelegatingMethodAccessorImpl.invoke(DelegatingMethodAccessorImpl.java:43)
at java.base/java.lang.reflect.Method.invoke(Method.java:566)
at org.testng.internal.MethodInvocationHelper.invokeMethod(MethodInvocationHelper.java:133)
at org.testng.internal.TestInvoker.invokeMethod(TestInvoker.java:598)
at org.testng.internal.TestInvoker.invokeTestMethod(TestInvoker.java:173)
at org.testng.internal.MethodRunner.runInSequence(MethodRunner.java:46)
at org.testng.internal.TestInvoker$MethodInvocationAgent.invoke(TestInvoker.java:824)
at org.testng.internal.TestInvoker.invokeTestMethods(TestInvoker.java:146)
at org.testng.internal.TestMethodWorker.invokeTestMethods(TestMethodWorker.java:146)
at org.testng.internal.TestMethodWorker.run(TestMethodWorker.java:128)
at java.base/java.util.ArrayList.forEach(ArrayList.java:1541)
at org.testng.TestRunner.privateRun(TestRunner.java:794)
at org.testng.TestRunner.run(TestRunner.java:596)
at org.testng.SuiteRunner.runTest(SuiteRunner.java:377)
at org.testng.SuiteRunner.runSequentially(SuiteRunner.java:371)
at org.testng.SuiteRunner.privateRun(SuiteRunner.java:332)
at org.testng.SuiteRunner.run(SuiteRunner.java:276)
at org.testng.SuiteRunnerWorker.runSuite(SuiteRunnerWorker.java:53)
at org.testng.SuiteRunnerWorker.run(SuiteRunnerWorker.java:96)
at org.testng.TestNG.runSuitesSequentially(TestNG.java:1212)
at org.testng.TestNG.runSuitesLocally(TestNG.java:1134)
at org.testng.TestNG.runSuites(TestNG.java:1063)
at org.testng.TestNG.run(TestNG.java:1031)
at org.testng.remote.AbstractRemoteTestNG.run(AbstractRemoteTestNG.java:115)
at org.testng.remote.RemoteTestNG.initAndRun(RemoteTestNG.java:251)
at org.testng.remote.RemoteTestNG.main(RemoteTestNG.java:77)
]]>
            </full-stacktrace>
          </exception> <!-- org.openqa.selenium.NoSuchElementException -->
          <reporter-output>
          </reporter-output>
        </test-method> <!-- createAccount -->
        <test-method is-config="true" signature="tearDown()[pri:0, instance:com.framework.testcases.TC_01_CreateAccount@383bfa16]" started-at="2021-11-22T00:34:57 IST" name="tearDown" finished-at="2021-11-22T00:34:58 IST" duration-ms="736" status="PASS">
          <reporter-output>
          </reporter-output>
        </test-method> <!-- tearDown -->
        <test-method is-config="true" signature="after()[pri:0, instance:com.framework.testcases.TC_01_CreateAccount@383bfa16]" started-at="2021-11-22T00:37:01 IST" name="after" finished-at="2021-11-22T00:37:01 IST" duration-ms="75" status="PASS">
          <reporter-output>
          </reporter-output>
        </test-method> <!-- after -->
      </class> <!-- com.framework.testcases.TC_01_CreateAccount -->
      <class name="com.framework.testcases.TC_03_Search">
        <test-method is-config="true" signature="setup(java.lang.String)[pri:0, instance:com.framework.testcases.TC_03_Search@47faa49c]" started-at="2021-11-22T00:35:22 IST" name="setup" finished-at="2021-11-22T00:35:29 IST" duration-ms="7031" status="PASS">
          <params>
            <param index="0">
              <value>
                <![CDATA[chrome]]>
              </value>
            </param>
          </params>
          <reporter-output>
          </reporter-output>
        </test-method> <!-- setup -->
        <test-method signature="search()[pri:0, instance:com.framework.testcases.TC_03_Search@47faa49c]" started-at="2021-11-22T00:35:29 IST" name="search" finished-at="2021-11-22T00:35:34 IST" duration-ms="5042" status="PASS">
          <reporter-output>
          </reporter-output>
        </test-method> <!-- search -->
        <test-method is-config="true" signature="tearDown()[pri:0, instance:com.framework.testcases.TC_03_Search@47faa49c]" started-at="2021-11-22T00:35:34 IST" name="tearDown" finished-at="2021-11-22T00:35:35 IST" duration-ms="736" status="PASS">
          <reporter-output>
          </reporter-output>
        </test-method> <!-- tearDown -->
      </class> <!-- com.framework.testcases.TC_03_Search -->
      <class name="com.framework.testcases.TC_11_Hover">
        <test-method is-config="true" signature="setup(java.lang.String)[pri:0, instance:com.framework.testcases.TC_11_Hover@35aea049]" started-at="2021-11-22T00:36:47 IST" name="setup" finished-at="2021-11-22T00:36:51 IST" duration-ms="4157" status="PASS">
          <params>
            <param index="0">
              <value>
                <![CDATA[chrome]]>
              </value>
            </param>
          </params>
          <reporter-output>
          </reporter-output>
        </test-method> <!-- setup -->
        <test-method signature="Hover()[pri:0, instance:com.framework.testcases.TC_11_Hover@35aea049]" started-at="2021-11-22T00:36:51 IST" name="Hover" finished-at="2021-11-22T00:37:00 IST" duration-ms="9069" status="PASS">
          <reporter-output>
          </reporter-output>
        </test-method> <!-- Hover -->
        <test-method is-config="true" signature="tearDown()[pri:0, instance:com.framework.testcases.TC_11_Hover@35aea049]" started-at="2021-11-22T00:37:00 IST" name="tearDown" finished-at="2021-11-22T00:37:01 IST" duration-ms="718" status="PASS">
          <reporter-output>
          </reporter-output>
        </test-method> <!-- tearDown -->
      </class> <!-- com.framework.testcases.TC_11_Hover -->
      <class name="com.framework.testcases.TC_07_AllProducts">
        <test-method is-config="true" signature="setup(java.lang.String)[pri:0, instance:com.framework.testcases.TC_07_AllProducts@56cdfb3b]" started-at="2021-11-22T00:36:00 IST" name="setup" finished-at="2021-11-22T00:36:06 IST" duration-ms="5836" status="PASS">
          <params>
            <param index="0">
              <value>
                <![CDATA[chrome]]>
              </value>
            </param>
          </params>
          <reporter-output>
          </reporter-output>
        </test-method> <!-- setup -->
        <test-method signature="AllTab()[pri:0, instance:com.framework.testcases.TC_07_AllProducts@56cdfb3b]" started-at="2021-11-22T00:36:06 IST" name="AllTab" finished-at="2021-11-22T00:36:12 IST" duration-ms="5412" status="PASS">
          <reporter-output>
          </reporter-output>
        </test-method> <!-- AllTab -->
        <test-method is-config="true" signature="tearDown()[pri:0, instance:com.framework.testcases.TC_07_AllProducts@56cdfb3b]" started-at="2021-11-22T00:36:12 IST" name="tearDown" finished-at="2021-11-22T00:36:12 IST" duration-ms="771" status="PASS">
          <reporter-output>
          </reporter-output>
        </test-method> <!-- tearDown -->
      </class> <!-- com.framework.testcases.TC_07_AllProducts -->
      <class name="com.framework.testcases.TC_08_Cart">
        <test-method is-config="true" signature="setup(java.lang.String)[pri:0, instance:com.framework.testcases.TC_08_Cart@2b91004a]" started-at="2021-11-22T00:36:12 IST" name="setup" finished-at="2021-11-22T00:36:17 IST" duration-ms="4715" status="PASS">
          <params>
            <param index="0">
              <value>
                <![CDATA[chrome]]>
              </value>
            </param>
          </params>
          <reporter-output>
          </reporter-output>
        </test-method> <!-- setup -->
        <test-method signature="cartcheckout()[pri:0, instance:com.framework.testcases.TC_08_Cart@2b91004a]" started-at="2021-11-22T00:36:17 IST" name="cartcheckout" finished-at="2021-11-22T00:36:27 IST" duration-ms="9837" status="PASS">
          <reporter-output>
          </reporter-output>
        </test-method> <!-- cartcheckout -->
        <test-method is-config="true" signature="tearDown()[pri:0, instance:com.framework.testcases.TC_08_Cart@2b91004a]" started-at="2021-11-22T00:36:27 IST" name="tearDown" finished-at="2021-11-22T00:36:28 IST" duration-ms="741" status="PASS">
          <reporter-output>
          </reporter-output>
        </test-method> <!-- tearDown -->
      </class> <!-- com.framework.testcases.TC_08_Cart -->
      <class name="com.framework.testcases.TC_06_WishList">
        <test-method is-config="true" signature="setup(java.lang.String)[pri:0, instance:com.framework.testcases.TC_06_WishList@6da21078]" started-at="2021-11-22T00:35:50 IST" name="setup" finished-at="2021-11-22T00:35:54 IST" duration-ms="4550" status="PASS">
          <params>
            <param index="0">
              <value>
                <![CDATA[chrome]]>
              </value>
            </param>
          </params>
          <reporter-output>
          </reporter-output>
        </test-method> <!-- setup -->
        <test-method signature="wishList()[pri:0, instance:com.framework.testcases.TC_06_WishList@6da21078]" started-at="2021-11-22T00:35:54 IST" name="wishList" finished-at="2021-11-22T00:36:00 IST" duration-ms="5214" status="PASS">
          <reporter-output>
          </reporter-output>
        </test-method> <!-- wishList -->
        <test-method is-config="true" signature="tearDown()[pri:0, instance:com.framework.testcases.TC_06_WishList@6da21078]" started-at="2021-11-22T00:36:00 IST" name="tearDown" finished-at="2021-11-22T00:36:00 IST" duration-ms="755" status="PASS">
          <reporter-output>
          </reporter-output>
        </test-method> <!-- tearDown -->
      </class> <!-- com.framework.testcases.TC_06_WishList -->
      <class name="com.framework.testcases.TC_09_Footer">
        <test-method is-config="true" signature="setup(java.lang.String)[pri:0, instance:com.framework.testcases.TC_09_Footer@2fb3536e]" started-at="2021-11-22T00:36:28 IST" name="setup" finished-at="2021-11-22T00:36:32 IST" duration-ms="4581" status="PASS">
          <params>
            <param index="0">
              <value>
                <![CDATA[chrome]]>
              </value>
            </param>
          </params>
          <reporter-output>
          </reporter-output>
        </test-method> <!-- setup -->
        <test-method signature="footElemets()[pri:0, instance:com.framework.testcases.TC_09_Footer@2fb3536e]" started-at="2021-11-22T00:36:32 IST" name="footElemets" finished-at="2021-11-22T00:36:33 IST" duration-ms="376" status="PASS">
          <reporter-output>
          </reporter-output>
        </test-method> <!-- footElemets -->
        <test-method is-config="true" signature="tearDown()[pri:0, instance:com.framework.testcases.TC_09_Footer@2fb3536e]" started-at="2021-11-22T00:36:33 IST" name="tearDown" finished-at="2021-11-22T00:36:33 IST" duration-ms="734" status="PASS">
          <reporter-output>
          </reporter-output>
        </test-method> <!-- tearDown -->
      </class> <!-- com.framework.testcases.TC_09_Footer -->
    </test> <!-- Test -->
  </suite> <!-- Suite -->
</testng-results>
